Build started 19/05/2014 16:54:28.
     1>Project "D:\Workspace-GitHub\CenasCgraficas\CGRA\CGFexample.vcxproj" on node 2 (Rebuild target(s)).
     1>_PrepareForClean:
         Deleting file "..\buildtemp\CGFexample\CGFexample.lastbuildstate".
       InitializeBuildStatus:
         Creating "..\buildtemp\CGFexample\CGFexample.unsuccessfulbuild" because "AlwaysCreate" was specified.
       ClCompile:
         C:\Program Files (x86)\Microsoft Visual Studio 11.0\VC\bin\CL.exe /c /ZI /nologo /W3 /WX- /Od /Oy- /D _MBCS /Gm /EHsc /RTC1 /MDd /GS /fp:precise /Zc:wchar_t /Zc:forScope /Fo"..\buildtemp\CGFexample\\" /Fd"..\buildtemp\CGFexample\vc110.pdb" /Gd /TP /analyze- /errorReport:prompt src\LightingScene.cpp src\main.cpp src\MyClock.cpp src\MyClockHand.cpp src\myCylinder.cpp src\myLamp.cpp src\MyPoint.cpp src\MyRobot.cpp src\myTable.cpp src\MyView.cpp src\Plane.cpp src\TPinterface.cpp
         TPinterface.cpp
         Plane.cpp
         MyView.cpp
         myTable.cpp
         MyRobot.cpp
     1>d:\workspace-github\cenascgraficas\cgra\src\myrobot.cpp(123): warning C4018: '<' : signed/unsigned mismatch
         MyPoint.cpp
     1>d:\workspace-github\cenascgraficas\cgra\src\mypoint.cpp(41): warning C4018: '<' : signed/unsigned mismatch
         myLamp.cpp
         myCylinder.cpp
         MyClockHand.cpp
         MyClock.cpp
         main.cpp
         LightingScene.cpp
         Generating Code...
     1>d:\workspace-github\cenascgraficas\cgra\src\plane.cpp(107): warning C4715: 'Plane::texCoordZ' : not all control paths return a value
     1>d:\workspace-github\cenascgraficas\cgra\src\plane.cpp(97): warning C4715: 'Plane::texCoordX' : not all control paths return a value
       Link:
         C:\Program Files (x86)\Microsoft Visual Studio 11.0\VC\bin\link.exe /ERRORREPORT:PROMPT /OUT:"bin\CGFexample.exe" /INCREMENTAL /NOLOGO glew32.lib CGFlib.lib kernel32.lib user32.lib gdi32.lib winspool.lib comdlg32.lib advapi32.lib shell32.lib ole32.lib oleaut32.lib uuid.lib odbc32.lib odbccp32.lib kernel32.lib user32.lib gdi32.lib winspool.lib comdlg32.lib advapi32.lib shell32.lib ole32.lib oleaut32.lib uuid.lib odbc32.lib odbccp32.lib /MANIFEST /MANIFESTUAC:"level='asInvoker' uiAccess='false'" /manifest:embed /DEBUG /PDB:"bin\CGFexample.pdb" /TLBID:1 /DYNAMICBASE /NXCOMPAT /IMPLIB:"bin\CGFexample.lib" /MACHINE:X86 ..\buildtemp\CGFexample\LightingScene.obj
         ..\buildtemp\CGFexample\main.obj
         ..\buildtemp\CGFexample\MyClock.obj
         ..\buildtemp\CGFexample\MyClockHand.obj
         ..\buildtemp\CGFexample\myCylinder.obj
         ..\buildtemp\CGFexample\myLamp.obj
         ..\buildtemp\CGFexample\MyPoint.obj
         ..\buildtemp\CGFexample\MyRobot.obj
         ..\buildtemp\CGFexample\myTable.obj
         ..\buildtemp\CGFexample\MyView.obj
         ..\buildtemp\CGFexample\Plane.obj
         ..\buildtemp\CGFexample\TPinterface.obj
     1>CGFlib.lib(CGFappearance.obj) : warning LNK4099: PDB 'vc110.pdb' was not found with 'CGFlib.lib(CGFappearance.obj)' or at 'D:\Workspace-GitHub\CenasCgraficas\CGRA\bin\vc110.pdb'; linking object as if no debug info
     1>CGFlib.lib(CGFapplication.obj) : warning LNK4099: PDB 'vc110.pdb' was not found with 'CGFlib.lib(CGFapplication.obj)' or at 'D:\Workspace-GitHub\CenasCgraficas\CGRA\bin\vc110.pdb'; linking object as if no debug info
     1>CGFlib.lib(CGFaxis.obj) : warning LNK4099: PDB 'vc110.pdb' was not found with 'CGFlib.lib(CGFaxis.obj)' or at 'D:\Workspace-GitHub\CenasCgraficas\CGRA\bin\vc110.pdb'; linking object as if no debug info
     1>CGFlib.lib(CGFcamera.obj) : warning LNK4099: PDB 'vc110.pdb' was not found with 'CGFlib.lib(CGFcamera.obj)' or at 'D:\Workspace-GitHub\CenasCgraficas\CGRA\bin\vc110.pdb'; linking object as if no debug info
     1>CGFlib.lib(CGFinterface.obj) : warning LNK4099: PDB 'vc110.pdb' was not found with 'CGFlib.lib(CGFinterface.obj)' or at 'D:\Workspace-GitHub\CenasCgraficas\CGRA\bin\vc110.pdb'; linking object as if no debug info
     1>CGFlib.lib(CGFlight.obj) : warning LNK4099: PDB 'vc110.pdb' was not found with 'CGFlib.lib(CGFlight.obj)' or at 'D:\Workspace-GitHub\CenasCgraficas\CGRA\bin\vc110.pdb'; linking object as if no debug info
     1>CGFlib.lib(CGFobject.obj) : warning LNK4099: PDB 'vc110.pdb' was not found with 'CGFlib.lib(CGFobject.obj)' or at 'D:\Workspace-GitHub\CenasCgraficas\CGRA\bin\vc110.pdb'; linking object as if no debug info
     1>CGFlib.lib(CGFscene.obj) : warning LNK4099: PDB 'vc110.pdb' was not found with 'CGFlib.lib(CGFscene.obj)' or at 'D:\Workspace-GitHub\CenasCgraficas\CGRA\bin\vc110.pdb'; linking object as if no debug info
     1>CGFlib.lib(CGFtexture.obj) : warning LNK4099: PDB 'vc110.pdb' was not found with 'CGFlib.lib(CGFtexture.obj)' or at 'D:\Workspace-GitHub\CenasCgraficas\CGRA\bin\vc110.pdb'; linking object as if no debug info
     1>CGFlib.lib(imagetools.obj) : warning LNK4099: PDB 'vc110.pdb' was not found with 'CGFlib.lib(imagetools.obj)' or at 'D:\Workspace-GitHub\CenasCgraficas\CGRA\bin\vc110.pdb'; linking object as if no debug info
     1>CGFlib.lib(stb_image.obj) : warning LNK4099: PDB 'vc110.pdb' was not found with 'CGFlib.lib(stb_image.obj)' or at 'D:\Workspace-GitHub\CenasCgraficas\CGRA\bin\vc110.pdb'; linking object as if no debug info
         CGFexample.vcxproj -> D:\Workspace-GitHub\CenasCgraficas\CGRA\bin\CGFexample.exe
       FinalizeBuildStatus:
         Deleting file "..\buildtemp\CGFexample\CGFexample.unsuccessfulbuild".
         Touching "..\buildtemp\CGFexample\CGFexample.lastbuildstate".
     1>Done Building Project "D:\Workspace-GitHub\CenasCgraficas\CGRA\CGFexample.vcxproj" (Rebuild target(s)).

Build succeeded.

Time Elapsed 00:00:06.33
