D:\WORKSPACE-GITHUB\CENASCGRAFICAS\BUILDTEMP\CGFEXAMPLE\LIGHTINGSCENE.OBJ
D:\WORKSPACE-GITHUB\CENASCGRAFICAS\BUILDTEMP\CGFEXAMPLE\MAIN.OBJ
D:\WORKSPACE-GITHUB\CENASCGRAFICAS\BUILDTEMP\CGFEXAMPLE\MYCLOCK.OBJ
D:\WORKSPACE-GITHUB\CENASCGRAFICAS\BUILDTEMP\CGFEXAMPLE\MYCLOCKHAND.OBJ
D:\WORKSPACE-GITHUB\CENASCGRAFICAS\BUILDTEMP\CGFEXAMPLE\MYCYLINDER.OBJ
D:\WORKSPACE-GITHUB\CENASCGRAFICAS\BUILDTEMP\CGFEXAMPLE\MYTABLE.OBJ
D:\WORKSPACE-GITHUB\CENASCGRAFICAS\BUILDTEMP\CGFEXAMPLE\PLANE.OBJ
D:\WORKSPACE-GITHUB\CENASCGRAFICAS\BUILDTEMP\CGFEXAMPLE\VC110.PDB
D:\WORKSPACE-GITHUB\CENASCGRAFICAS\BUILDTEMP\CGFEXAMPLE\MYLAMP.OBJ
D:\WORKSPACE-GITHUB\CENASCGRAFICAS\BUILDTEMP\CGFEXAMPLE\MYROBOT.OBJ
D:\WORKSPACE-GITHUB\CENASCGRAFICAS\BUILDTEMP\CGFEXAMPLE\POINT.OBJ
D:\WORKSPACE-GITHUB\CENASCGRAFICAS\BUILDTEMP\CGFEXAMPLE\TPINTERFACE.OBJ
D:\WORKSPACE-GITHUB\CENASCGRAFICAS\BUILDTEMP\CGFEXAMPLE\MYPOINT.OBJ
D:\WORKSPACE-GITHUB\CENASCGRAFICAS\CGRA\BIN\CGFEXAMPLE.ILK
D:\WORKSPACE-GITHUB\CENASCGRAFICAS\CGRA\BIN\CGFEXAMPLE.EXE
D:\WORKSPACE-GITHUB\CENASCGRAFICAS\CGRA\BIN\CGFEXAMPLE.PDB
D:\Workspace-GitHub\CenasCgraficas\buildtemp\CGFexample\LightingScene.obj
D:\Workspace-GitHub\CenasCgraficas\buildtemp\CGFexample\main.obj
D:\Workspace-GitHub\CenasCgraficas\buildtemp\CGFexample\MyClock.obj
D:\Workspace-GitHub\CenasCgraficas\buildtemp\CGFexample\MyClockHand.obj
D:\Workspace-GitHub\CenasCgraficas\buildtemp\CGFexample\myCylinder.obj
D:\Workspace-GitHub\CenasCgraficas\buildtemp\CGFexample\myLamp.obj
D:\Workspace-GitHub\CenasCgraficas\buildtemp\CGFexample\MyPoint.obj
D:\Workspace-GitHub\CenasCgraficas\buildtemp\CGFexample\MyRobot.obj
D:\Workspace-GitHub\CenasCgraficas\buildtemp\CGFexample\myTable.obj
D:\Workspace-GitHub\CenasCgraficas\buildtemp\CGFexample\Plane.obj
D:\Workspace-GitHub\CenasCgraficas\buildtemp\CGFexample\point.obj
D:\Workspace-GitHub\CenasCgraficas\buildtemp\CGFexample\TPinterface.obj
D:\Workspace-GitHub\CenasCgraficas\buildtemp\CGFexample\cl.command.1.tlog
D:\Workspace-GitHub\CenasCgraficas\buildtemp\CGFexample\CL.read.1.tlog
D:\Workspace-GitHub\CenasCgraficas\buildtemp\CGFexample\CL.write.1.tlog
D:\Workspace-GitHub\CenasCgraficas\buildtemp\CGFexample\link-cvtres.read.1.tlog
D:\Workspace-GitHub\CenasCgraficas\buildtemp\CGFexample\link-cvtres.write.1.tlog
D:\Workspace-GitHub\CenasCgraficas\buildtemp\CGFexample\link-rc.read.1.tlog
D:\Workspace-GitHub\CenasCgraficas\buildtemp\CGFexample\link-rc.write.1.tlog
D:\Workspace-GitHub\CenasCgraficas\buildtemp\CGFexample\link.1528-cvtres.read.1.tlog
D:\Workspace-GitHub\CenasCgraficas\buildtemp\CGFexample\link.1528-cvtres.write.1.tlog
D:\Workspace-GitHub\CenasCgraficas\buildtemp\CGFexample\link.1528-rc.read.1.tlog
D:\Workspace-GitHub\CenasCgraficas\buildtemp\CGFexample\link.1528-rc.write.1.tlog
D:\Workspace-GitHub\CenasCgraficas\buildtemp\CGFexample\link.1528.read.1.tlog
D:\Workspace-GitHub\CenasCgraficas\buildtemp\CGFexample\link.1528.read.2.tlog
D:\Workspace-GitHub\CenasCgraficas\buildtemp\CGFexample\link.1528.write.1.tlog
D:\Workspace-GitHub\CenasCgraficas\buildtemp\CGFexample\link.1832-cvtres.read.1.tlog
D:\Workspace-GitHub\CenasCgraficas\buildtemp\CGFexample\link.1832-cvtres.write.1.tlog
D:\Workspace-GitHub\CenasCgraficas\buildtemp\CGFexample\link.1832-rc.read.1.tlog
D:\Workspace-GitHub\CenasCgraficas\buildtemp\CGFexample\link.1832-rc.write.1.tlog
D:\Workspace-GitHub\CenasCgraficas\buildtemp\CGFexample\link.1832.read.1.tlog
D:\Workspace-GitHub\CenasCgraficas\buildtemp\CGFexample\link.1832.read.2.tlog
D:\Workspace-GitHub\CenasCgraficas\buildtemp\CGFexample\link.1832.write.1.tlog
D:\Workspace-GitHub\CenasCgraficas\buildtemp\CGFexample\link.4192-cvtres.read.1.tlog
D:\Workspace-GitHub\CenasCgraficas\buildtemp\CGFexample\link.4192-cvtres.write.1.tlog
D:\Workspace-GitHub\CenasCgraficas\buildtemp\CGFexample\link.4192-rc.read.1.tlog
D:\Workspace-GitHub\CenasCgraficas\buildtemp\CGFexample\link.4192-rc.write.1.tlog
D:\Workspace-GitHub\CenasCgraficas\buildtemp\CGFexample\link.4192.read.1.tlog
D:\Workspace-GitHub\CenasCgraficas\buildtemp\CGFexample\link.4192.read.2.tlog
D:\Workspace-GitHub\CenasCgraficas\buildtemp\CGFexample\link.4192.write.1.tlog
D:\Workspace-GitHub\CenasCgraficas\buildtemp\CGFexample\link.6372-cvtres.read.1.tlog
D:\Workspace-GitHub\CenasCgraficas\buildtemp\CGFexample\link.6372-cvtres.write.1.tlog
D:\Workspace-GitHub\CenasCgraficas\buildtemp\CGFexample\link.6372-rc.read.1.tlog
D:\Workspace-GitHub\CenasCgraficas\buildtemp\CGFexample\link.6372-rc.write.1.tlog
D:\Workspace-GitHub\CenasCgraficas\buildtemp\CGFexample\link.6372.read.1.tlog
D:\Workspace-GitHub\CenasCgraficas\buildtemp\CGFexample\link.6372.read.2.tlog
D:\Workspace-GitHub\CenasCgraficas\buildtemp\CGFexample\link.6372.write.1.tlog
D:\Workspace-GitHub\CenasCgraficas\buildtemp\CGFexample\link.6376-cvtres.read.1.tlog
D:\Workspace-GitHub\CenasCgraficas\buildtemp\CGFexample\link.6376-cvtres.write.1.tlog
D:\Workspace-GitHub\CenasCgraficas\buildtemp\CGFexample\link.6376-rc.read.1.tlog
D:\Workspace-GitHub\CenasCgraficas\buildtemp\CGFexample\link.6376-rc.write.1.tlog
D:\Workspace-GitHub\CenasCgraficas\buildtemp\CGFexample\link.6376.read.1.tlog
D:\Workspace-GitHub\CenasCgraficas\buildtemp\CGFexample\link.6376.read.2.tlog
D:\Workspace-GitHub\CenasCgraficas\buildtemp\CGFexample\link.6376.write.1.tlog
D:\Workspace-GitHub\CenasCgraficas\buildtemp\CGFexample\link.6820-cvtres.read.1.tlog
D:\Workspace-GitHub\CenasCgraficas\buildtemp\CGFexample\link.6820-cvtres.write.1.tlog
D:\Workspace-GitHub\CenasCgraficas\buildtemp\CGFexample\link.6820-rc.read.1.tlog
D:\Workspace-GitHub\CenasCgraficas\buildtemp\CGFexample\link.6820-rc.write.1.tlog
D:\Workspace-GitHub\CenasCgraficas\buildtemp\CGFexample\link.6820.read.1.tlog
D:\Workspace-GitHub\CenasCgraficas\buildtemp\CGFexample\link.6820.read.2.tlog
D:\Workspace-GitHub\CenasCgraficas\buildtemp\CGFexample\link.6820.write.1.tlog
D:\Workspace-GitHub\CenasCgraficas\buildtemp\CGFexample\link.7048-cvtres.read.1.tlog
D:\Workspace-GitHub\CenasCgraficas\buildtemp\CGFexample\link.7048-cvtres.write.1.tlog
D:\Workspace-GitHub\CenasCgraficas\buildtemp\CGFexample\link.7048-rc.read.1.tlog
D:\Workspace-GitHub\CenasCgraficas\buildtemp\CGFexample\link.7048-rc.write.1.tlog
D:\Workspace-GitHub\CenasCgraficas\buildtemp\CGFexample\link.7048.read.1.tlog
D:\Workspace-GitHub\CenasCgraficas\buildtemp\CGFexample\link.7048.write.1.tlog
D:\Workspace-GitHub\CenasCgraficas\buildtemp\CGFexample\link.7564-cvtres.read.1.tlog
D:\Workspace-GitHub\CenasCgraficas\buildtemp\CGFexample\link.7564-cvtres.write.1.tlog
D:\Workspace-GitHub\CenasCgraficas\buildtemp\CGFexample\link.7564-rc.read.1.tlog
D:\Workspace-GitHub\CenasCgraficas\buildtemp\CGFexample\link.7564-rc.write.1.tlog
D:\Workspace-GitHub\CenasCgraficas\buildtemp\CGFexample\link.7564.read.1.tlog
D:\Workspace-GitHub\CenasCgraficas\buildtemp\CGFexample\link.7564.read.2.tlog
D:\Workspace-GitHub\CenasCgraficas\buildtemp\CGFexample\link.7564.write.1.tlog
D:\Workspace-GitHub\CenasCgraficas\buildtemp\CGFexample\link.command.1.tlog
D:\Workspace-GitHub\CenasCgraficas\buildtemp\CGFexample\link.read.1.tlog
D:\Workspace-GitHub\CenasCgraficas\buildtemp\CGFexample\link.read.2.tlog
D:\Workspace-GitHub\CenasCgraficas\buildtemp\CGFexample\link.write.1.tlog
D:\Workspace-GitHub\CenasCgraficas\buildtemp\CGFexample\vc110.idb
D:\Workspace-GitHub\CenasCgraficas\buildtemp\CGFexample\vc110.pdb
D:\Workspace-GitHub\CenasCgraficas\CGRA\bin\CGFexample.exe
